[0.100s] Invoking command in '/home/saeesh/ros2_ws/build/my_robot_interface': CMAKE_PREFIX_PATH=${CMAKE_PREFIX_PATH}:/home/saeesh/ros2_ws/install/turtlsim_catch_them_all:/home/saeesh/ros2_ws/install/turtlesim_catch_them_all:/home/saeesh/ros2_ws/install/my_py_pkg:/opt/ros/humble /usr/bin/cmake --build /home/saeesh/ros2_ws/build/my_robot_interface -- -j4 -l4
[0.205s] [  2%] [32mBuilding C object CMakeFiles/my_robot_interface__rosidl_generator_c.dir/rosidl_generator_c/my_robot_interface/msg/detail/turtle__functions.c.o[0m
[0.206s] [  5%] Built target my_robot_interface__cpp
[0.211s] [  7%] [32mBuilding C object CMakeFiles/my_robot_interface__rosidl_generator_c.dir/rosidl_generator_c/my_robot_interface/msg/detail/turtle_array__functions.c.o[0m
[0.219s] [  7%] Built target ament_cmake_python_copy_my_robot_interface
[0.231s] In file included from [01m[K/home/saeesh/ros2_ws/build/my_robot_interface/rosidl_generator_c/my_robot_interface/msg/detail/turtle__functions.h:19[m[K,
[0.232s]                  from [01m[K/home/saeesh/ros2_ws/build/my_robot_interface/rosidl_generator_c/my_robot_interface/msg/detail/turtle__functions.c:4[m[K:
[0.232s] [01m[K/home/saeesh/ros2_ws/build/my_robot_interface/rosidl_generator_c/my_robot_interface/msg/detail/turtle__struct.h:22:10:[m[K [01;31m[Kfatal error: [m[Kmy_robot_interface/msg/detail/string__struct.h: No such file or directory
[0.232s]    22 | #include [01;31m[K"my_robot_interface/msg/detail/string__struct.h"[m[K
[0.232s]       |          [01;31m[K^~~~~~~~~~~~~~~~~~~~~~~~~~~~~~~~~~~~~~~~~~~~~~~~[m[K
[0.232s] compilation terminated.
[0.237s] gmake[2]: *** [CMakeFiles/my_robot_interface__rosidl_generator_c.dir/build.make:121: CMakeFiles/my_robot_interface__rosidl_generator_c.dir/rosidl_generator_c/my_robot_interface/msg/detail/turtle__functions.c.o] Error 1
[0.237s] gmake[2]: *** Waiting for unfinished jobs....
[0.247s] In file included from [01m[K/home/saeesh/ros2_ws/build/my_robot_interface/rosidl_generator_c/my_robot_interface/msg/detail/turtle_array__struct.h:22[m[K,
[0.248s]                  from [01m[K/home/saeesh/ros2_ws/build/my_robot_interface/rosidl_generator_c/my_robot_interface/msg/detail/turtle_array__functions.h:19[m[K,
[0.248s]                  from [01m[K/home/saeesh/ros2_ws/build/my_robot_interface/rosidl_generator_c/my_robot_interface/msg/detail/turtle_array__functions.c:4[m[K:
[0.248s] [01m[K/home/saeesh/ros2_ws/build/my_robot_interface/rosidl_generator_c/my_robot_interface/msg/detail/turtle__struct.h:22:10:[m[K [01;31m[Kfatal error: [m[Kmy_robot_interface/msg/detail/string__struct.h: No such file or directory
[0.248s]    22 | #include [01;31m[K"my_robot_interface/msg/detail/string__struct.h"[m[K
[0.248s]       |          [01;31m[K^~~~~~~~~~~~~~~~~~~~~~~~~~~~~~~~~~~~~~~~~~~~~~~~[m[K
[0.248s] compilation terminated.
[0.250s] gmake[2]: *** [CMakeFiles/my_robot_interface__rosidl_generator_c.dir/build.make:135: CMakeFiles/my_robot_interface__rosidl_generator_c.dir/rosidl_generator_c/my_robot_interface/msg/detail/turtle_array__functions.c.o] Error 1
[0.252s] gmake[1]: *** [CMakeFiles/Makefile2:213: CMakeFiles/my_robot_interface__rosidl_generator_c.dir/all] Error 2
[0.252s] gmake[1]: *** Waiting for unfinished jobs....
[0.253s] [ 10%] [32mBuilding CXX object CMakeFiles/my_robot_interface__rosidl_typesupport_cpp.dir/rosidl_typesupport_cpp/my_robot_interface/msg/turtle__type_support.cpp.o[0m
[0.264s] [ 12%] [32mBuilding CXX object CMakeFiles/my_robot_interface__rosidl_typesupport_fastrtps_cpp.dir/rosidl_typesupport_fastrtps_cpp/my_robot_interface/msg/detail/dds_fastrtps/turtle__type_support.cpp.o[0m
[0.272s] [ 15%] [32mBuilding CXX object CMakeFiles/my_robot_interface__rosidl_typesupport_fastrtps_cpp.dir/rosidl_typesupport_fastrtps_cpp/my_robot_interface/msg/detail/dds_fastrtps/turtle_array__type_support.cpp.o[0m
[0.284s] [ 17%] [32mBuilding CXX object CMakeFiles/my_robot_interface__rosidl_typesupport_introspection_cpp.dir/rosidl_typesupport_introspection_cpp/my_robot_interface/msg/detail/turtle__type_support.cpp.o[0m
[0.356s] In file included from [01m[K/home/saeesh/ros2_ws/build/my_robot_interface/rosidl_typesupport_cpp/my_robot_interface/msg/turtle__type_support.cpp:7[m[K:
[0.356s] [01m[K/home/saeesh/ros2_ws/build/my_robot_interface/rosidl_generator_cpp/my_robot_interface/msg/detail/turtle__struct.hpp:20:10:[m[K [01;31m[Kfatal error: [m[Kmy_robot_interface/msg/detail/string__struct.hpp: No such file or directory
[0.357s]    20 | #include [01;31m[K"my_robot_interface/msg/detail/string__struct.hpp"[m[K
[0.357s]       |          [01;31m[K^~~~~~~~~~~~~~~~~~~~~~~~~~~~~~~~~~~~~~~~~~~~~~~~~~[m[K
[0.357s] compilation terminated.
[0.361s] gmake[2]: *** [CMakeFiles/my_robot_interface__rosidl_typesupport_cpp.dir/build.make:90: CMakeFiles/my_robot_interface__rosidl_typesupport_cpp.dir/rosidl_typesupport_cpp/my_robot_interface/msg/turtle__type_support.cpp.o] Error 1
[0.362s] gmake[1]: *** [CMakeFiles/Makefile2:395: CMakeFiles/my_robot_interface__rosidl_typesupport_cpp.dir/all] Error 2
[0.364s] In file included from [01m[K/home/saeesh/ros2_ws/build/my_robot_interface/rosidl_typesupport_fastrtps_cpp/my_robot_interface/msg/detail/turtle__rosidl_typesupport_fastrtps_cpp.hpp:11[m[K,
[0.365s]                  from [01m[K/home/saeesh/ros2_ws/build/my_robot_interface/rosidl_typesupport_fastrtps_cpp/my_robot_interface/msg/detail/dds_fastrtps/turtle__type_support.cpp:4[m[K:
[0.365s] [01m[K/home/saeesh/ros2_ws/build/my_robot_interface/rosidl_generator_cpp/my_robot_interface/msg/detail/turtle__struct.hpp:20:10:[m[K [01;31m[Kfatal error: [m[Kmy_robot_interface/msg/detail/string__struct.hpp: No such file or directory
[0.365s]    20 | #include [01;31m[K"my_robot_interface/msg/detail/string__struct.hpp"[m[K
[0.365s]       |          [01;31m[K^~~~~~~~~~~~~~~~~~~~~~~~~~~~~~~~~~~~~~~~~~~~~~~~~~[m[K
[0.366s] compilation terminated.
[0.370s] gmake[2]: *** [CMakeFiles/my_robot_interface__rosidl_typesupport_fastrtps_cpp.dir/build.make:98: CMakeFiles/my_robot_interface__rosidl_typesupport_fastrtps_cpp.dir/rosidl_typesupport_fastrtps_cpp/my_robot_interface/msg/detail/dds_fastrtps/turtle__type_support.cpp.o] Error 1
[0.370s] gmake[2]: *** Waiting for unfinished jobs....
[0.376s] [ 20%] [32mBuilding CXX object CMakeFiles/my_robot_interface__rosidl_typesupport_introspection_cpp.dir/rosidl_typesupport_introspection_cpp/my_robot_interface/msg/detail/turtle_array__type_support.cpp.o[0m
[0.396s] In file included from [01m[K/home/saeesh/ros2_ws/build/my_robot_interface/rosidl_generator_cpp/my_robot_interface/msg/detail/turtle_array__struct.hpp:20[m[K,
[0.396s]                  from [01m[K/home/saeesh/ros2_ws/build/my_robot_interface/rosidl_typesupport_fastrtps_cpp/my_robot_interface/msg/detail/turtle_array__rosidl_typesupport_fastrtps_cpp.hpp:11[m[K,
[0.396s]                  from [01m[K/home/saeesh/ros2_ws/build/my_robot_interface/rosidl_typesupport_fastrtps_cpp/my_robot_interface/msg/detail/dds_fastrtps/turtle_array__type_support.cpp:4[m[K:
[0.397s] [01m[K/home/saeesh/ros2_ws/build/my_robot_interface/rosidl_generator_cpp/my_robot_interface/msg/detail/turtle__struct.hpp:20:10:[m[K [01;31m[Kfatal error: [m[Kmy_robot_interface/msg/detail/string__struct.hpp: No such file or directory
[0.397s]    20 | #include [01;31m[K"my_robot_interface/msg/detail/string__struct.hpp"[m[K
[0.397s]       |          [01;31m[K^~~~~~~~~~~~~~~~~~~~~~~~~~~~~~~~~~~~~~~~~~~~~~~~~~[m[K
[0.397s] compilation terminated.
[0.400s] gmake[2]: *** [CMakeFiles/my_robot_interface__rosidl_typesupport_fastrtps_cpp.dir/build.make:112: CMakeFiles/my_robot_interface__rosidl_typesupport_fastrtps_cpp.dir/rosidl_typesupport_fastrtps_cpp/my_robot_interface/msg/detail/dds_fastrtps/turtle_array__type_support.cpp.o] Error 1
[0.400s] gmake[1]: *** [CMakeFiles/Makefile2:343: CMakeFiles/my_robot_interface__rosidl_typesupport_fastrtps_cpp.dir/all] Error 2
[0.411s] In file included from [01m[K/home/saeesh/ros2_ws/build/my_robot_interface/rosidl_typesupport_introspection_cpp/my_robot_interface/msg/detail/turtle__type_support.cpp:12[m[K:
[0.411s] [01m[K/home/saeesh/ros2_ws/build/my_robot_interface/rosidl_generator_cpp/my_robot_interface/msg/detail/turtle__struct.hpp:20:10:[m[K [01;31m[Kfatal error: [m[Kmy_robot_interface/msg/detail/string__struct.hpp: No such file or directory
[0.411s]    20 | #include [01;31m[K"my_robot_interface/msg/detail/string__struct.hpp"[m[K
[0.411s]       |          [01;31m[K^~~~~~~~~~~~~~~~~~~~~~~~~~~~~~~~~~~~~~~~~~~~~~~~~~[m[K
[0.411s] compilation terminated.
[0.415s] gmake[2]: *** [CMakeFiles/my_robot_interface__rosidl_typesupport_introspection_cpp.dir/build.make:98: CMakeFiles/my_robot_interface__rosidl_typesupport_introspection_cpp.dir/rosidl_typesupport_introspection_cpp/my_robot_interface/msg/detail/turtle__type_support.cpp.o] Error 1
[0.415s] gmake[2]: *** Waiting for unfinished jobs....
[0.457s] In file included from [01m[K/home/saeesh/ros2_ws/build/my_robot_interface/rosidl_generator_cpp/my_robot_interface/msg/detail/turtle_array__struct.hpp:20[m[K,
[0.457s]                  from [01m[K/home/saeesh/ros2_ws/build/my_robot_interface/rosidl_typesupport_introspection_cpp/my_robot_interface/msg/detail/turtle_array__type_support.cpp:12[m[K:
[0.457s] [01m[K/home/saeesh/ros2_ws/build/my_robot_interface/rosidl_generator_cpp/my_robot_interface/msg/detail/turtle__struct.hpp:20:10:[m[K [01;31m[Kfatal error: [m[Kmy_robot_interface/msg/detail/string__struct.hpp: No such file or directory
[0.457s]    20 | #include [01;31m[K"my_robot_interface/msg/detail/string__struct.hpp"[m[K
[0.457s]       |          [01;31m[K^~~~~~~~~~~~~~~~~~~~~~~~~~~~~~~~~~~~~~~~~~~~~~~~~~[m[K
[0.457s] compilation terminated.
[0.460s] gmake[2]: *** [CMakeFiles/my_robot_interface__rosidl_typesupport_introspection_cpp.dir/build.make:112: CMakeFiles/my_robot_interface__rosidl_typesupport_introspection_cpp.dir/rosidl_typesupport_introspection_cpp/my_robot_interface/msg/detail/turtle_array__type_support.cpp.o] Error 1
[0.460s] gmake[1]: *** [CMakeFiles/Makefile2:369: CMakeFiles/my_robot_interface__rosidl_typesupport_introspection_cpp.dir/all] Error 2
[0.460s] gmake: *** [Makefile:146: all] Error 2
[0.464s] Invoked command in '/home/saeesh/ros2_ws/build/my_robot_interface' returned '2': CMAKE_PREFIX_PATH=${CMAKE_PREFIX_PATH}:/home/saeesh/ros2_ws/install/turtlsim_catch_them_all:/home/saeesh/ros2_ws/install/turtlesim_catch_them_all:/home/saeesh/ros2_ws/install/my_py_pkg:/opt/ros/humble /usr/bin/cmake --build /home/saeesh/ros2_ws/build/my_robot_interface -- -j4 -l4
