[0.244s] Invoking command in '/home/saeesh/ros2_ws/build/my_robot_interfaces': CMAKE_PREFIX_PATH=${CMAKE_PREFIX_PATH}:/home/saeesh/ros2_ws/install/turtlsim_catch_them_all:/home/saeesh/ros2_ws/install/turtlesim_catch_them_all:/home/saeesh/ros2_ws/install/my_py_pkg:/home/saeesh/ROS2swarm/install/ros2swarm:/home/saeesh/ROS2swarm/install/launch_gazebo:/home/saeesh/turtlebot3_ws/install/turtlebot3_teleop:/home/saeesh/turtlebot3_ws/install/turtlebot3_example:/opt/ros/humble /usr/bin/cmake --build /home/saeesh/ros2_ws/build/my_robot_interfaces -- -j4 -l4
[0.511s] -- Found ament_cmake: 1.3.8 (/opt/ros/humble/share/ament_cmake/cmake)
[0.980s] -- Found rosidl_default_generators: 1.2.0 (/opt/ros/humble/share/rosidl_default_generators/cmake)
[1.048s] -- Using all available rosidl_typesupport_c: rosidl_typesupport_fastrtps_c;rosidl_typesupport_introspection_c
[1.095s] -- Found rosidl_adapter: 3.1.5 (/opt/ros/humble/share/rosidl_adapter/cmake)
[1.629s] -- Using all available rosidl_typesupport_cpp: rosidl_typesupport_fastrtps_cpp;rosidl_typesupport_introspection_cpp
[2.407s] [31mCMake Error at /opt/ros/humble/share/rosidl_adapter/cmake/rosidl_adapt_interfaces.cmake:59 (message):
[2.407s]   execute_process(/usr/bin/python3 -m rosidl_adapter --package-name
[2.407s]   my_robot_interfaces --arguments-file
[2.408s]   /home/saeesh/ros2_ws/build/my_robot_interfaces/rosidl_adapter__arguments__my_robot_interfaces.json
[2.408s]   --output-dir
[2.408s]   /home/saeesh/ros2_ws/build/my_robot_interfaces/rosidl_adapter/my_robot_interfaces
[2.408s]   --output-file
[2.408s]   /home/saeesh/ros2_ws/build/my_robot_interfaces/rosidl_adapter/my_robot_interfaces.idls)
[2.408s]   returned error code 1:
[2.408s] 
[2.408s]   Traceback (most recent call last):
[2.408s] 
[2.408s]     File "/usr/lib/python3.10/runpy.py", line 196, in _run_module_as_main
[2.408s]       return _run_code(code, main_globals, None,
[2.408s]     File "/usr/lib/python3.10/runpy.py", line 86, in _run_code
[2.409s]       exec(code, run_globals)
[2.409s]     File "/opt/ros/humble/local/lib/python3.10/dist-packages/rosidl_adapter/__main__.py", line 19, in <module>
[2.409s]       sys.exit(main())
[2.409s]     File "/opt/ros/humble/local/lib/python3.10/dist-packages/rosidl_adapter/main.py", line 53, in main
[2.409s]       abs_idl_file = convert_to_idl(
[2.409s]     File "/opt/ros/humble/local/lib/python3.10/dist-packages/rosidl_adapter/__init__.py", line 24, in convert_to_idl
[2.409s]       return convert_srv_to_idl(
[2.409s]     File "/opt/ros/humble/local/lib/python3.10/dist-packages/rosidl_adapter/srv/__init__.py", line 28, in convert_srv_to_idl
[2.409s]       srv = parse_service_string(package_name, input_file.stem, content)
[2.409s]     File "/opt/ros/humble/local/lib/python3.10/dist-packages/rosidl_adapter/parser.py", line 850, in parse_service_string
[2.409s]       raise InvalidServiceSpecification(
[2.409s] 
[2.409s]   rosidl_adapter.parser.InvalidServiceSpecification: Could not find separator
[2.409s]   '---' between request and response
[2.410s] 
[2.410s] Call Stack (most recent call first):
[2.410s]   /opt/ros/humble/share/rosidl_cmake/cmake/rosidl_generate_interfaces.cmake:130 (rosidl_adapt_interfaces)
[2.410s]   CMakeLists.txt:12 (rosidl_generate_interfaces)
[2.410s] 
[2.410s] [0m
[2.410s] -- Configuring incomplete, errors occurred!
[2.410s] See also "/home/saeesh/ros2_ws/build/my_robot_interfaces/CMakeFiles/CMakeOutput.log".
[2.454s] gmake: *** [Makefile:963: cmake_check_build_system] Error 1
[2.460s] Invoked command in '/home/saeesh/ros2_ws/build/my_robot_interfaces' returned '2': CMAKE_PREFIX_PATH=${CMAKE_PREFIX_PATH}:/home/saeesh/ros2_ws/install/turtlsim_catch_them_all:/home/saeesh/ros2_ws/install/turtlesim_catch_them_all:/home/saeesh/ros2_ws/install/my_py_pkg:/home/saeesh/ROS2swarm/install/ros2swarm:/home/saeesh/ROS2swarm/install/launch_gazebo:/home/saeesh/turtlebot3_ws/install/turtlebot3_teleop:/home/saeesh/turtlebot3_ws/install/turtlebot3_example:/opt/ros/humble /usr/bin/cmake --build /home/saeesh/ros2_ws/build/my_robot_interfaces -- -j4 -l4
