In file included from [01m[K/home/saeesh/ros2_ws/build/my_robot_interface/rosidl_generator_c/my_robot_interface/msg/detail/turtle_array__struct.h:22[m[K,
                 from [01m[K/home/saeesh/ros2_ws/build/my_robot_interface/rosidl_generator_c/my_robot_interface/msg/detail/turtle_array__functions.h:19[m[K,
                 from [01m[K/home/saeesh/ros2_ws/build/my_robot_interface/rosidl_generator_c/my_robot_interface/msg/detail/turtle_array__functions.c:4[m[K:
[01m[K/home/saeesh/ros2_ws/build/my_robot_interface/rosidl_generator_c/my_robot_interface/msg/detail/turtle__struct.h:22:10:[m[K [01;31m[Kfatal error: [m[Kmy_robot_interface/msg/detail/string__struct.h: No such file or directory
   22 | #include [01;31m[K"my_robot_interface/msg/detail/string__struct.h"[m[K
      |          [01;31m[K^~~~~~~~~~~~~~~~~~~~~~~~~~~~~~~~~~~~~~~~~~~~~~~~[m[K
compilation terminated.
In file included from [01m[K/home/saeesh/ros2_ws/build/my_robot_interface/rosidl_generator_c/my_robot_interface/msg/detail/turtle__functions.h:19[m[K,
                 from [01m[K/home/saeesh/ros2_ws/build/my_robot_interface/rosidl_generator_c/my_robot_interface/msg/detail/turtle__functions.c:4[m[K:
[01m[K/home/saeesh/ros2_ws/build/my_robot_interface/rosidl_generator_c/my_robot_interface/msg/detail/turtle__struct.h:22:10:[m[K [01;31m[Kfatal error: [m[Kmy_robot_interface/msg/detail/string__struct.h: No such file or directory
   22 | #include [01;31m[K"my_robot_interface/msg/detail/string__struct.h"[m[K
      |          [01;31m[K^~~~~~~~~~~~~~~~~~~~~~~~~~~~~~~~~~~~~~~~~~~~~~~~[m[K
compilation terminated.
gmake[2]: *** [CMakeFiles/my_robot_interface__rosidl_generator_c.dir/build.make:135: CMakeFiles/my_robot_interface__rosidl_generator_c.dir/rosidl_generator_c/my_robot_interface/msg/detail/turtle_array__functions.c.o] Error 1
gmake[2]: *** Waiting for unfinished jobs....
gmake[2]: *** [CMakeFiles/my_robot_interface__rosidl_generator_c.dir/build.make:121: CMakeFiles/my_robot_interface__rosidl_generator_c.dir/rosidl_generator_c/my_robot_interface/msg/detail/turtle__functions.c.o] Error 1
gmake[1]: *** [CMakeFiles/Makefile2:213: CMakeFiles/my_robot_interface__rosidl_generator_c.dir/all] Error 2
gmake[1]: *** Waiting for unfinished jobs....
In file included from [01m[K/home/saeesh/ros2_ws/build/my_robot_interface/rosidl_typesupport_fastrtps_cpp/my_robot_interface/msg/detail/turtle__rosidl_typesupport_fastrtps_cpp.hpp:11[m[K,
                 from [01m[K/home/saeesh/ros2_ws/build/my_robot_interface/rosidl_typesupport_fastrtps_cpp/my_robot_interface/msg/detail/dds_fastrtps/turtle__type_support.cpp:4[m[K:
[01m[K/home/saeesh/ros2_ws/build/my_robot_interface/rosidl_generator_cpp/my_robot_interface/msg/detail/turtle__struct.hpp:20:10:[m[K [01;31m[Kfatal error: [m[Kmy_robot_interface/msg/detail/string__struct.hpp: No such file or directory
   20 | #include [01;31m[K"my_robot_interface/msg/detail/string__struct.hpp"[m[K
      |          [01;31m[K^~~~~~~~~~~~~~~~~~~~~~~~~~~~~~~~~~~~~~~~~~~~~~~~~~[m[K
In file included from [01m[K/home/saeesh/ros2_ws/build/my_robot_interface/rosidl_typesupport_cpp/my_robot_interface/msg/turtle__type_support.cpp:7[m[K:
[01m[K/home/saeesh/ros2_ws/build/my_robot_interface/rosidl_generator_cpp/my_robot_interface/msg/detail/turtle__struct.hpp:20:10:[m[K [01;31m[Kfatal error: [m[Kmy_robot_interface/msg/detail/string__struct.hpp: No such file or directory
   20 | #include [01;31m[K"my_robot_interface/msg/detail/string__struct.hpp"[m[K
      |          [01;31m[K^~~~~~~~~~~~~~~~~~~~~~~~~~~~~~~~~~~~~~~~~~~~~~~~~~[m[K
compilation terminated.
compilation terminated.
gmake[2]: *** [CMakeFiles/my_robot_interface__rosidl_typesupport_fastrtps_cpp.dir/build.make:98: CMakeFiles/my_robot_interface__rosidl_typesupport_fastrtps_cpp.dir/rosidl_typesupport_fastrtps_cpp/my_robot_interface/msg/detail/dds_fastrtps/turtle__type_support.cpp.o] Error 1
gmake[1]: *** [CMakeFiles/Makefile2:343: CMakeFiles/my_robot_interface__rosidl_typesupport_fastrtps_cpp.dir/all] Error 2
gmake[2]: *** [CMakeFiles/my_robot_interface__rosidl_typesupport_cpp.dir/build.make:90: CMakeFiles/my_robot_interface__rosidl_typesupport_cpp.dir/rosidl_typesupport_cpp/my_robot_interface/msg/turtle__type_support.cpp.o] Error 1
gmake[2]: *** Waiting for unfinished jobs....
In file included from [01m[K/home/saeesh/ros2_ws/build/my_robot_interface/rosidl_generator_cpp/my_robot_interface/msg/detail/turtle_array__struct.hpp:20[m[K,
                 from [01m[K/home/saeesh/ros2_ws/build/my_robot_interface/rosidl_typesupport_cpp/my_robot_interface/msg/turtle_array__type_support.cpp:7[m[K:
[01m[K/home/saeesh/ros2_ws/build/my_robot_interface/rosidl_generator_cpp/my_robot_interface/msg/detail/turtle__struct.hpp:20:10:[m[K [01;31m[Kfatal error: [m[Kmy_robot_interface/msg/detail/string__struct.hpp: No such file or directory
   20 | #include [01;31m[K"my_robot_interface/msg/detail/string__struct.hpp"[m[K
      |          [01;31m[K^~~~~~~~~~~~~~~~~~~~~~~~~~~~~~~~~~~~~~~~~~~~~~~~~~[m[K
compilation terminated.
gmake[2]: *** [CMakeFiles/my_robot_interface__rosidl_typesupport_cpp.dir/build.make:104: CMakeFiles/my_robot_interface__rosidl_typesupport_cpp.dir/rosidl_typesupport_cpp/my_robot_interface/msg/turtle_array__type_support.cpp.o] Error 1
gmake[1]: *** [CMakeFiles/Makefile2:395: CMakeFiles/my_robot_interface__rosidl_typesupport_cpp.dir/all] Error 2
In file included from [01m[K/home/saeesh/ros2_ws/build/my_robot_interface/rosidl_typesupport_introspection_cpp/my_robot_interface/msg/detail/turtle__type_support.cpp:12[m[K:
[01m[K/home/saeesh/ros2_ws/build/my_robot_interface/rosidl_generator_cpp/my_robot_interface/msg/detail/turtle__struct.hpp:20:10:[m[K [01;31m[Kfatal error: [m[Kmy_robot_interface/msg/detail/string__struct.hpp: No such file or directory
   20 | #include [01;31m[K"my_robot_interface/msg/detail/string__struct.hpp"[m[K
      |          [01;31m[K^~~~~~~~~~~~~~~~~~~~~~~~~~~~~~~~~~~~~~~~~~~~~~~~~~[m[K
compilation terminated.
In file included from [01m[K/home/saeesh/ros2_ws/build/my_robot_interface/rosidl_generator_cpp/my_robot_interface/msg/detail/turtle_array__struct.hpp:20[m[K,
                 from [01m[K/home/saeesh/ros2_ws/build/my_robot_interface/rosidl_typesupport_introspection_cpp/my_robot_interface/msg/detail/turtle_array__type_support.cpp:12[m[K:
[01m[K/home/saeesh/ros2_ws/build/my_robot_interface/rosidl_generator_cpp/my_robot_interface/msg/detail/turtle__struct.hpp:20:10:[m[K [01;31m[Kfatal error: [m[Kmy_robot_interface/msg/detail/string__struct.hpp: No such file or directory
   20 | #include [01;31m[K"my_robot_interface/msg/detail/string__struct.hpp"[m[K
      |          [01;31m[K^~~~~~~~~~~~~~~~~~~~~~~~~~~~~~~~~~~~~~~~~~~~~~~~~~[m[K
compilation terminated.
gmake[2]: *** [CMakeFiles/my_robot_interface__rosidl_typesupport_introspection_cpp.dir/build.make:98: CMakeFiles/my_robot_interface__rosidl_typesupport_introspection_cpp.dir/rosidl_typesupport_introspection_cpp/my_robot_interface/msg/detail/turtle__type_support.cpp.o] Error 1
gmake[2]: *** Waiting for unfinished jobs....
gmake[2]: *** [CMakeFiles/my_robot_interface__rosidl_typesupport_introspection_cpp.dir/build.make:112: CMakeFiles/my_robot_interface__rosidl_typesupport_introspection_cpp.dir/rosidl_typesupport_introspection_cpp/my_robot_interface/msg/detail/turtle_array__type_support.cpp.o] Error 1
gmake[1]: *** [CMakeFiles/Makefile2:369: CMakeFiles/my_robot_interface__rosidl_typesupport_introspection_cpp.dir/all] Error 2
gmake: *** [Makefile:146: all] Error 2
