-- Found ament_cmake: 1.3.6 (/opt/ros/humble/share/ament_cmake/cmake)
-- Found rosidl_default_generators: 1.2.0 (/opt/ros/humble/share/rosidl_default_generators/cmake)
-- Using all available rosidl_typesupport_c: rosidl_typesupport_fastrtps_c;rosidl_typesupport_introspection_c
-- Found rosidl_adapter: 3.1.5 (/opt/ros/humble/share/rosidl_adapter/cmake)
-- Using all available rosidl_typesupport_cpp: rosidl_typesupport_fastrtps_cpp;rosidl_typesupport_introspection_cpp
-- Found ament_cmake_ros: 0.10.0 (/opt/ros/humble/share/ament_cmake_ros/cmake)
-- Using all available rosidl_typesupport_c: rosidl_typesupport_fastrtps_c;rosidl_typesupport_introspection_c
-- Using all available rosidl_typesupport_cpp: rosidl_typesupport_fastrtps_cpp;rosidl_typesupport_introspection_cpp
-- Found PythonInterp: /usr/bin/python3 (found suitable version "3.10.12", minimum required is "3.6") 
-- Found python_cmake_module: 0.10.0 (/opt/ros/humble/share/python_cmake_module/cmake)
-- Found PythonLibs: /usr/lib/x86_64-linux-gnu/libpython3.10.so (found suitable version "3.10.12", minimum required is "3.5") 
-- Using PYTHON_EXECUTABLE: /usr/bin/python3
-- Using PYTHON_INCLUDE_DIRS: /usr/include/python3.10
-- Using PYTHON_LIBRARIES: /usr/lib/x86_64-linux-gnu/libpython3.10.so
-- Found PythonExtra: .so  
-- Configuring done
-- Generating done
-- Build files have been written to: /home/saeesh/ros2_ws/build/my_robot_interface
[  2%] [34m[1mGenerating C code for ROS interfaces[0m
[  5%] [34m[1mGenerating C++ code for ROS interfaces[0m
[  5%] Built target ament_cmake_python_copy_my_robot_interface
[  7%] [32mBuilding C object CMakeFiles/my_robot_interface__rosidl_generator_c.dir/rosidl_generator_c/my_robot_interface/msg/detail/turtle_array__functions.c.o[0m
[ 10%] [32mBuilding C object CMakeFiles/my_robot_interface__rosidl_generator_c.dir/rosidl_generator_c/my_robot_interface/msg/detail/turtle__functions.c.o[0m
running egg_info
creating my_robot_interface.egg-info
writing my_robot_interface.egg-info/PKG-INFO
writing dependency_links to my_robot_interface.egg-info/dependency_links.txt
writing top-level names to my_robot_interface.egg-info/top_level.txt
writing manifest file 'my_robot_interface.egg-info/SOURCES.txt'
reading manifest file 'my_robot_interface.egg-info/SOURCES.txt'
writing manifest file 'my_robot_interface.egg-info/SOURCES.txt'
In file included from [01m[K/home/saeesh/ros2_ws/build/my_robot_interface/rosidl_generator_c/my_robot_interface/msg/detail/turtle_array__struct.h:22[m[K,
                 from [01m[K/home/saeesh/ros2_ws/build/my_robot_interface/rosidl_generator_c/my_robot_interface/msg/detail/turtle_array__functions.h:19[m[K,
                 from [01m[K/home/saeesh/ros2_ws/build/my_robot_interface/rosidl_generator_c/my_robot_interface/msg/detail/turtle_array__functions.c:4[m[K:
[01m[K/home/saeesh/ros2_ws/build/my_robot_interface/rosidl_generator_c/my_robot_interface/msg/detail/turtle__struct.h:22:10:[m[K [01;31m[Kfatal error: [m[Kmy_robot_interface/msg/detail/string__struct.h: No such file or directory
   22 | #include [01;31m[K"my_robot_interface/msg/detail/string__struct.h"[m[K
      |          [01;31m[K^~~~~~~~~~~~~~~~~~~~~~~~~~~~~~~~~~~~~~~~~~~~~~~~[m[K
compilation terminated.
In file included from [01m[K/home/saeesh/ros2_ws/build/my_robot_interface/rosidl_generator_c/my_robot_interface/msg/detail/turtle__functions.h:19[m[K,
                 from [01m[K/home/saeesh/ros2_ws/build/my_robot_interface/rosidl_generator_c/my_robot_interface/msg/detail/turtle__functions.c:4[m[K:
[01m[K/home/saeesh/ros2_ws/build/my_robot_interface/rosidl_generator_c/my_robot_interface/msg/detail/turtle__struct.h:22:10:[m[K [01;31m[Kfatal error: [m[Kmy_robot_interface/msg/detail/string__struct.h: No such file or directory
   22 | #include [01;31m[K"my_robot_interface/msg/detail/string__struct.h"[m[K
      |          [01;31m[K^~~~~~~~~~~~~~~~~~~~~~~~~~~~~~~~~~~~~~~~~~~~~~~~[m[K
compilation terminated.
[ 10%] Built target ament_cmake_python_build_my_robot_interface_egg
[ 10%] Built target my_robot_interface__cpp
gmake[2]: *** [CMakeFiles/my_robot_interface__rosidl_generator_c.dir/build.make:135: CMakeFiles/my_robot_interface__rosidl_generator_c.dir/rosidl_generator_c/my_robot_interface/msg/detail/turtle_array__functions.c.o] Error 1
gmake[2]: *** Waiting for unfinished jobs....
gmake[2]: *** [CMakeFiles/my_robot_interface__rosidl_generator_c.dir/build.make:121: CMakeFiles/my_robot_interface__rosidl_generator_c.dir/rosidl_generator_c/my_robot_interface/msg/detail/turtle__functions.c.o] Error 1
gmake[1]: *** [CMakeFiles/Makefile2:213: CMakeFiles/my_robot_interface__rosidl_generator_c.dir/all] Error 2
gmake[1]: *** Waiting for unfinished jobs....
[ 12%] [34m[1mGenerating C++ type support for eProsima Fast-RTPS[0m
[ 15%] [34m[1mGenerating C++ type support dispatch for ROS interfaces[0m
[ 17%] [34m[1mGenerating C++ introspection for ROS interfaces[0m
[ 20%] [32mBuilding CXX object CMakeFiles/my_robot_interface__rosidl_typesupport_introspection_cpp.dir/rosidl_typesupport_introspection_cpp/my_robot_interface/msg/detail/turtle_array__type_support.cpp.o[0m
[ 23%] [32mBuilding CXX object CMakeFiles/my_robot_interface__rosidl_typesupport_introspection_cpp.dir/rosidl_typesupport_introspection_cpp/my_robot_interface/msg/detail/turtle__type_support.cpp.o[0m
[ 25%] [32mBuilding CXX object CMakeFiles/my_robot_interface__rosidl_typesupport_cpp.dir/rosidl_typesupport_cpp/my_robot_interface/msg/turtle__type_support.cpp.o[0m
[ 28%] [32mBuilding CXX object CMakeFiles/my_robot_interface__rosidl_typesupport_fastrtps_cpp.dir/rosidl_typesupport_fastrtps_cpp/my_robot_interface/msg/detail/dds_fastrtps/turtle__type_support.cpp.o[0m
In file included from [01m[K/home/saeesh/ros2_ws/build/my_robot_interface/rosidl_typesupport_fastrtps_cpp/my_robot_interface/msg/detail/turtle__rosidl_typesupport_fastrtps_cpp.hpp:11[m[K,
                 from [01m[K/home/saeesh/ros2_ws/build/my_robot_interface/rosidl_typesupport_fastrtps_cpp/my_robot_interface/msg/detail/dds_fastrtps/turtle__type_support.cpp:4[m[K:
[01m[K/home/saeesh/ros2_ws/build/my_robot_interface/rosidl_generator_cpp/my_robot_interface/msg/detail/turtle__struct.hpp:20:10:[m[K [01;31m[Kfatal error: [m[Kmy_robot_interface/msg/detail/string__struct.hpp: No such file or directory
   20 | #include [01;31m[K"my_robot_interface/msg/detail/string__struct.hpp"[m[K
      |          [01;31m[K^~~~~~~~~~~~~~~~~~~~~~~~~~~~~~~~~~~~~~~~~~~~~~~~~~[m[K
In file included from [01m[K/home/saeesh/ros2_ws/build/my_robot_interface/rosidl_typesupport_cpp/my_robot_interface/msg/turtle__type_support.cpp:7[m[K:
[01m[K/home/saeesh/ros2_ws/build/my_robot_interface/rosidl_generator_cpp/my_robot_interface/msg/detail/turtle__struct.hpp:20:10:[m[K [01;31m[Kfatal error: [m[Kmy_robot_interface/msg/detail/string__struct.hpp: No such file or directory
   20 | #include [01;31m[K"my_robot_interface/msg/detail/string__struct.hpp"[m[K
      |          [01;31m[K^~~~~~~~~~~~~~~~~~~~~~~~~~~~~~~~~~~~~~~~~~~~~~~~~~[m[K
compilation terminated.
compilation terminated.
gmake[2]: *** [CMakeFiles/my_robot_interface__rosidl_typesupport_fastrtps_cpp.dir/build.make:98: CMakeFiles/my_robot_interface__rosidl_typesupport_fastrtps_cpp.dir/rosidl_typesupport_fastrtps_cpp/my_robot_interface/msg/detail/dds_fastrtps/turtle__type_support.cpp.o] Error 1
gmake[1]: *** [CMakeFiles/Makefile2:343: CMakeFiles/my_robot_interface__rosidl_typesupport_fastrtps_cpp.dir/all] Error 2
gmake[2]: *** [CMakeFiles/my_robot_interface__rosidl_typesupport_cpp.dir/build.make:90: CMakeFiles/my_robot_interface__rosidl_typesupport_cpp.dir/rosidl_typesupport_cpp/my_robot_interface/msg/turtle__type_support.cpp.o] Error 1
gmake[2]: *** Waiting for unfinished jobs....
[ 30%] [32mBuilding CXX object CMakeFiles/my_robot_interface__rosidl_typesupport_cpp.dir/rosidl_typesupport_cpp/my_robot_interface/msg/turtle_array__type_support.cpp.o[0m
In file included from [01m[K/home/saeesh/ros2_ws/build/my_robot_interface/rosidl_generator_cpp/my_robot_interface/msg/detail/turtle_array__struct.hpp:20[m[K,
                 from [01m[K/home/saeesh/ros2_ws/build/my_robot_interface/rosidl_typesupport_cpp/my_robot_interface/msg/turtle_array__type_support.cpp:7[m[K:
[01m[K/home/saeesh/ros2_ws/build/my_robot_interface/rosidl_generator_cpp/my_robot_interface/msg/detail/turtle__struct.hpp:20:10:[m[K [01;31m[Kfatal error: [m[Kmy_robot_interface/msg/detail/string__struct.hpp: No such file or directory
   20 | #include [01;31m[K"my_robot_interface/msg/detail/string__struct.hpp"[m[K
      |          [01;31m[K^~~~~~~~~~~~~~~~~~~~~~~~~~~~~~~~~~~~~~~~~~~~~~~~~~[m[K
compilation terminated.
gmake[2]: *** [CMakeFiles/my_robot_interface__rosidl_typesupport_cpp.dir/build.make:104: CMakeFiles/my_robot_interface__rosidl_typesupport_cpp.dir/rosidl_typesupport_cpp/my_robot_interface/msg/turtle_array__type_support.cpp.o] Error 1
gmake[1]: *** [CMakeFiles/Makefile2:395: CMakeFiles/my_robot_interface__rosidl_typesupport_cpp.dir/all] Error 2
In file included from [01m[K/home/saeesh/ros2_ws/build/my_robot_interface/rosidl_typesupport_introspection_cpp/my_robot_interface/msg/detail/turtle__type_support.cpp:12[m[K:
[01m[K/home/saeesh/ros2_ws/build/my_robot_interface/rosidl_generator_cpp/my_robot_interface/msg/detail/turtle__struct.hpp:20:10:[m[K [01;31m[Kfatal error: [m[Kmy_robot_interface/msg/detail/string__struct.hpp: No such file or directory
   20 | #include [01;31m[K"my_robot_interface/msg/detail/string__struct.hpp"[m[K
      |          [01;31m[K^~~~~~~~~~~~~~~~~~~~~~~~~~~~~~~~~~~~~~~~~~~~~~~~~~[m[K
compilation terminated.
In file included from [01m[K/home/saeesh/ros2_ws/build/my_robot_interface/rosidl_generator_cpp/my_robot_interface/msg/detail/turtle_array__struct.hpp:20[m[K,
                 from [01m[K/home/saeesh/ros2_ws/build/my_robot_interface/rosidl_typesupport_introspection_cpp/my_robot_interface/msg/detail/turtle_array__type_support.cpp:12[m[K:
[01m[K/home/saeesh/ros2_ws/build/my_robot_interface/rosidl_generator_cpp/my_robot_interface/msg/detail/turtle__struct.hpp:20:10:[m[K [01;31m[Kfatal error: [m[Kmy_robot_interface/msg/detail/string__struct.hpp: No such file or directory
   20 | #include [01;31m[K"my_robot_interface/msg/detail/string__struct.hpp"[m[K
      |          [01;31m[K^~~~~~~~~~~~~~~~~~~~~~~~~~~~~~~~~~~~~~~~~~~~~~~~~~[m[K
compilation terminated.
gmake[2]: *** [CMakeFiles/my_robot_interface__rosidl_typesupport_introspection_cpp.dir/build.make:98: CMakeFiles/my_robot_interface__rosidl_typesupport_introspection_cpp.dir/rosidl_typesupport_introspection_cpp/my_robot_interface/msg/detail/turtle__type_support.cpp.o] Error 1
gmake[2]: *** Waiting for unfinished jobs....
gmake[2]: *** [CMakeFiles/my_robot_interface__rosidl_typesupport_introspection_cpp.dir/build.make:112: CMakeFiles/my_robot_interface__rosidl_typesupport_introspection_cpp.dir/rosidl_typesupport_introspection_cpp/my_robot_interface/msg/detail/turtle_array__type_support.cpp.o] Error 1
gmake[1]: *** [CMakeFiles/Makefile2:369: CMakeFiles/my_robot_interface__rosidl_typesupport_introspection_cpp.dir/all] Error 2
gmake: *** [Makefile:146: all] Error 2
