[0.203s] Invoking command in '/home/saeesh/ros2_ws/build/my_robot_interface': CMAKE_PREFIX_PATH=${CMAKE_PREFIX_PATH}:/home/saeesh/ros2_ws/install/turtlsim_catch_them_all:/home/saeesh/ros2_ws/install/turtlesim_catch_them_all:/home/saeesh/ros2_ws/install/my_py_pkg:/opt/ros/humble /usr/bin/cmake --build /home/saeesh/ros2_ws/build/my_robot_interface -- -j4 -l4
[0.253s] -- Found ament_cmake: 1.3.6 (/opt/ros/humble/share/ament_cmake/cmake)
[0.490s] -- Found rosidl_default_generators: 1.2.0 (/opt/ros/humble/share/rosidl_default_generators/cmake)
[0.493s] -- Using all available rosidl_typesupport_c: rosidl_typesupport_fastrtps_c;rosidl_typesupport_introspection_c
[0.498s] -- Found rosidl_adapter: 3.1.5 (/opt/ros/humble/share/rosidl_adapter/cmake)
[0.558s] -- Using all available rosidl_typesupport_cpp: rosidl_typesupport_fastrtps_cpp;rosidl_typesupport_introspection_cpp
[0.952s] -- Found ament_cmake_ros: 0.10.0 (/opt/ros/humble/share/ament_cmake_ros/cmake)
[1.239s] -- Using all available rosidl_typesupport_c: rosidl_typesupport_fastrtps_c;rosidl_typesupport_introspection_c
[1.628s] -- Using all available rosidl_typesupport_cpp: rosidl_typesupport_fastrtps_cpp;rosidl_typesupport_introspection_cpp
[1.694s] -- Found PythonInterp: /usr/bin/python3 (found suitable version "3.10.12", minimum required is "3.6") 
[1.697s] -- Found python_cmake_module: 0.10.0 (/opt/ros/humble/share/python_cmake_module/cmake)
[1.792s] -- Found PythonLibs: /usr/lib/x86_64-linux-gnu/libpython3.10.so (found suitable version "3.10.12", minimum required is "3.5") 
[1.792s] -- Using PYTHON_EXECUTABLE: /usr/bin/python3
[1.792s] -- Using PYTHON_INCLUDE_DIRS: /usr/include/python3.10
[1.792s] -- Using PYTHON_LIBRARIES: /usr/lib/x86_64-linux-gnu/libpython3.10.so
[1.824s] -- Found PythonExtra: .so  
[1.932s] -- Configuring done
[1.973s] -- Generating done
[1.977s] -- Build files have been written to: /home/saeesh/ros2_ws/build/my_robot_interface
[2.015s] [  2%] [34m[1mGenerating C code for ROS interfaces[0m
[2.057s] [  5%] [34m[1mGenerating C++ code for ROS interfaces[0m
[2.072s] [  5%] Built target ament_cmake_python_copy_my_robot_interface
[2.587s] [  7%] [32mBuilding C object CMakeFiles/my_robot_interface__rosidl_generator_c.dir/rosidl_generator_c/my_robot_interface/msg/detail/turtle_array__functions.c.o[0m
[2.589s] [ 10%] [32mBuilding C object CMakeFiles/my_robot_interface__rosidl_generator_c.dir/rosidl_generator_c/my_robot_interface/msg/detail/turtle__functions.c.o[0m
[2.597s] running egg_info
[2.598s] creating my_robot_interface.egg-info
[2.598s] writing my_robot_interface.egg-info/PKG-INFO
[2.598s] writing dependency_links to my_robot_interface.egg-info/dependency_links.txt
[2.599s] writing top-level names to my_robot_interface.egg-info/top_level.txt
[2.599s] writing manifest file 'my_robot_interface.egg-info/SOURCES.txt'
[2.603s] reading manifest file 'my_robot_interface.egg-info/SOURCES.txt'
[2.604s] writing manifest file 'my_robot_interface.egg-info/SOURCES.txt'
[2.616s] In file included from [01m[K/home/saeesh/ros2_ws/build/my_robot_interface/rosidl_generator_c/my_robot_interface/msg/detail/turtle_array__struct.h:22[m[K,
[2.616s]                  from [01m[K/home/saeesh/ros2_ws/build/my_robot_interface/rosidl_generator_c/my_robot_interface/msg/detail/turtle_array__functions.h:19[m[K,
[2.616s]                  from [01m[K/home/saeesh/ros2_ws/build/my_robot_interface/rosidl_generator_c/my_robot_interface/msg/detail/turtle_array__functions.c:4[m[K:
[2.617s] [01m[K/home/saeesh/ros2_ws/build/my_robot_interface/rosidl_generator_c/my_robot_interface/msg/detail/turtle__struct.h:22:10:[m[K [01;31m[Kfatal error: [m[Kmy_robot_interface/msg/detail/string__struct.h: No such file or directory
[2.618s]    22 | #include [01;31m[K"my_robot_interface/msg/detail/string__struct.h"[m[K
[2.618s]       |          [01;31m[K^~~~~~~~~~~~~~~~~~~~~~~~~~~~~~~~~~~~~~~~~~~~~~~~[m[K
[2.618s] compilation terminated.
[2.619s] In file included from [01m[K/home/saeesh/ros2_ws/build/my_robot_interface/rosidl_generator_c/my_robot_interface/msg/detail/turtle__functions.h:19[m[K,
[2.619s]                  from [01m[K/home/saeesh/ros2_ws/build/my_robot_interface/rosidl_generator_c/my_robot_interface/msg/detail/turtle__functions.c:4[m[K:
[2.619s] [01m[K/home/saeesh/ros2_ws/build/my_robot_interface/rosidl_generator_c/my_robot_interface/msg/detail/turtle__struct.h:22:10:[m[K [01;31m[Kfatal error: [m[Kmy_robot_interface/msg/detail/string__struct.h: No such file or directory
[2.619s]    22 | #include [01;31m[K"my_robot_interface/msg/detail/string__struct.h"[m[K
[2.619s]       |          [01;31m[K^~~~~~~~~~~~~~~~~~~~~~~~~~~~~~~~~~~~~~~~~~~~~~~~[m[K
[2.619s] compilation terminated.
[2.657s] [ 10%] Built target ament_cmake_python_build_my_robot_interface_egg
[2.694s] [ 10%] Built target my_robot_interface__cpp
[2.706s] gmake[2]: *** [CMakeFiles/my_robot_interface__rosidl_generator_c.dir/build.make:135: CMakeFiles/my_robot_interface__rosidl_generator_c.dir/rosidl_generator_c/my_robot_interface/msg/detail/turtle_array__functions.c.o] Error 1
[2.706s] gmake[2]: *** Waiting for unfinished jobs....
[2.706s] gmake[2]: *** [CMakeFiles/my_robot_interface__rosidl_generator_c.dir/build.make:121: CMakeFiles/my_robot_interface__rosidl_generator_c.dir/rosidl_generator_c/my_robot_interface/msg/detail/turtle__functions.c.o] Error 1
[2.706s] gmake[1]: *** [CMakeFiles/Makefile2:213: CMakeFiles/my_robot_interface__rosidl_generator_c.dir/all] Error 2
[2.707s] gmake[1]: *** Waiting for unfinished jobs....
[2.710s] [ 12%] [34m[1mGenerating C++ type support for eProsima Fast-RTPS[0m
[2.711s] [ 15%] [34m[1mGenerating C++ type support dispatch for ROS interfaces[0m
[2.722s] [ 17%] [34m[1mGenerating C++ introspection for ROS interfaces[0m
[3.143s] [ 20%] [32mBuilding CXX object CMakeFiles/my_robot_interface__rosidl_typesupport_introspection_cpp.dir/rosidl_typesupport_introspection_cpp/my_robot_interface/msg/detail/turtle_array__type_support.cpp.o[0m
[3.144s] [ 23%] [32mBuilding CXX object CMakeFiles/my_robot_interface__rosidl_typesupport_introspection_cpp.dir/rosidl_typesupport_introspection_cpp/my_robot_interface/msg/detail/turtle__type_support.cpp.o[0m
[3.235s] [ 25%] [32mBuilding CXX object CMakeFiles/my_robot_interface__rosidl_typesupport_cpp.dir/rosidl_typesupport_cpp/my_robot_interface/msg/turtle__type_support.cpp.o[0m
[3.324s] [ 28%] [32mBuilding CXX object CMakeFiles/my_robot_interface__rosidl_typesupport_fastrtps_cpp.dir/rosidl_typesupport_fastrtps_cpp/my_robot_interface/msg/detail/dds_fastrtps/turtle__type_support.cpp.o[0m
[4.082s] In file included from [01m[K/home/saeesh/ros2_ws/build/my_robot_interface/rosidl_typesupport_fastrtps_cpp/my_robot_interface/msg/detail/turtle__rosidl_typesupport_fastrtps_cpp.hpp:11[m[K,
[4.082s]                  from [01m[K/home/saeesh/ros2_ws/build/my_robot_interface/rosidl_typesupport_fastrtps_cpp/my_robot_interface/msg/detail/dds_fastrtps/turtle__type_support.cpp:4[m[K:
[4.083s] [01m[K/home/saeesh/ros2_ws/build/my_robot_interface/rosidl_generator_cpp/my_robot_interface/msg/detail/turtle__struct.hpp:20:10:[m[K [01;31m[Kfatal error: [m[Kmy_robot_interface/msg/detail/string__struct.hpp: No such file or directory
[4.083s]    20 | #include [01;31m[K"my_robot_interface/msg/detail/string__struct.hpp"[m[K
[4.083s]       |          [01;31m[K^~~~~~~~~~~~~~~~~~~~~~~~~~~~~~~~~~~~~~~~~~~~~~~~~~[m[K
[4.083s] In file included from [01m[K/home/saeesh/ros2_ws/build/my_robot_interface/rosidl_typesupport_cpp/my_robot_interface/msg/turtle__type_support.cpp:7[m[K:
[4.083s] [01m[K/home/saeesh/ros2_ws/build/my_robot_interface/rosidl_generator_cpp/my_robot_interface/msg/detail/turtle__struct.hpp:20:10:[m[K [01;31m[Kfatal error: [m[Kmy_robot_interface/msg/detail/string__struct.hpp: No such file or directory
[4.083s]    20 | #include [01;31m[K"my_robot_interface/msg/detail/string__struct.hpp"[m[K
[4.083s]       |          [01;31m[K^~~~~~~~~~~~~~~~~~~~~~~~~~~~~~~~~~~~~~~~~~~~~~~~~~[m[K
[4.084s] compilation terminated.
[4.084s] compilation terminated.
[4.089s] gmake[2]: *** [CMakeFiles/my_robot_interface__rosidl_typesupport_fastrtps_cpp.dir/build.make:98: CMakeFiles/my_robot_interface__rosidl_typesupport_fastrtps_cpp.dir/rosidl_typesupport_fastrtps_cpp/my_robot_interface/msg/detail/dds_fastrtps/turtle__type_support.cpp.o] Error 1
[4.090s] gmake[1]: *** [CMakeFiles/Makefile2:343: CMakeFiles/my_robot_interface__rosidl_typesupport_fastrtps_cpp.dir/all] Error 2
[4.092s] gmake[2]: *** [CMakeFiles/my_robot_interface__rosidl_typesupport_cpp.dir/build.make:90: CMakeFiles/my_robot_interface__rosidl_typesupport_cpp.dir/rosidl_typesupport_cpp/my_robot_interface/msg/turtle__type_support.cpp.o] Error 1
[4.092s] gmake[2]: *** Waiting for unfinished jobs....
[4.102s] [ 30%] [32mBuilding CXX object CMakeFiles/my_robot_interface__rosidl_typesupport_cpp.dir/rosidl_typesupport_cpp/my_robot_interface/msg/turtle_array__type_support.cpp.o[0m
[4.180s] In file included from [01m[K/home/saeesh/ros2_ws/build/my_robot_interface/rosidl_generator_cpp/my_robot_interface/msg/detail/turtle_array__struct.hpp:20[m[K,
[4.180s]                  from [01m[K/home/saeesh/ros2_ws/build/my_robot_interface/rosidl_typesupport_cpp/my_robot_interface/msg/turtle_array__type_support.cpp:7[m[K:
[4.180s] [01m[K/home/saeesh/ros2_ws/build/my_robot_interface/rosidl_generator_cpp/my_robot_interface/msg/detail/turtle__struct.hpp:20:10:[m[K [01;31m[Kfatal error: [m[Kmy_robot_interface/msg/detail/string__struct.hpp: No such file or directory
[4.180s]    20 | #include [01;31m[K"my_robot_interface/msg/detail/string__struct.hpp"[m[K
[4.180s]       |          [01;31m[K^~~~~~~~~~~~~~~~~~~~~~~~~~~~~~~~~~~~~~~~~~~~~~~~~~[m[K
[4.181s] compilation terminated.
[4.182s] gmake[2]: *** [CMakeFiles/my_robot_interface__rosidl_typesupport_cpp.dir/build.make:104: CMakeFiles/my_robot_interface__rosidl_typesupport_cpp.dir/rosidl_typesupport_cpp/my_robot_interface/msg/turtle_array__type_support.cpp.o] Error 1
[4.183s] gmake[1]: *** [CMakeFiles/Makefile2:395: CMakeFiles/my_robot_interface__rosidl_typesupport_cpp.dir/all] Error 2
[4.225s] In file included from [01m[K/home/saeesh/ros2_ws/build/my_robot_interface/rosidl_typesupport_introspection_cpp/my_robot_interface/msg/detail/turtle__type_support.cpp:12[m[K:
[4.226s] [01m[K/home/saeesh/ros2_ws/build/my_robot_interface/rosidl_generator_cpp/my_robot_interface/msg/detail/turtle__struct.hpp:20:10:[m[K [01;31m[Kfatal error: [m[Kmy_robot_interface/msg/detail/string__struct.hpp: No such file or directory
[4.226s]    20 | #include [01;31m[K"my_robot_interface/msg/detail/string__struct.hpp"[m[K
[4.226s]       |          [01;31m[K^~~~~~~~~~~~~~~~~~~~~~~~~~~~~~~~~~~~~~~~~~~~~~~~~~[m[K
[4.227s] compilation terminated.
[4.227s] In file included from [01m[K/home/saeesh/ros2_ws/build/my_robot_interface/rosidl_generator_cpp/my_robot_interface/msg/detail/turtle_array__struct.hpp:20[m[K,
[4.227s]                  from [01m[K/home/saeesh/ros2_ws/build/my_robot_interface/rosidl_typesupport_introspection_cpp/my_robot_interface/msg/detail/turtle_array__type_support.cpp:12[m[K:
[4.228s] [01m[K/home/saeesh/ros2_ws/build/my_robot_interface/rosidl_generator_cpp/my_robot_interface/msg/detail/turtle__struct.hpp:20:10:[m[K [01;31m[Kfatal error: [m[Kmy_robot_interface/msg/detail/string__struct.hpp: No such file or directory
[4.228s]    20 | #include [01;31m[K"my_robot_interface/msg/detail/string__struct.hpp"[m[K
[4.228s]       |          [01;31m[K^~~~~~~~~~~~~~~~~~~~~~~~~~~~~~~~~~~~~~~~~~~~~~~~~~[m[K
[4.229s] compilation terminated.
[4.229s] gmake[2]: *** [CMakeFiles/my_robot_interface__rosidl_typesupport_introspection_cpp.dir/build.make:98: CMakeFiles/my_robot_interface__rosidl_typesupport_introspection_cpp.dir/rosidl_typesupport_introspection_cpp/my_robot_interface/msg/detail/turtle__type_support.cpp.o] Error 1
[4.229s] gmake[2]: *** Waiting for unfinished jobs....
[4.234s] gmake[2]: *** [CMakeFiles/my_robot_interface__rosidl_typesupport_introspection_cpp.dir/build.make:112: CMakeFiles/my_robot_interface__rosidl_typesupport_introspection_cpp.dir/rosidl_typesupport_introspection_cpp/my_robot_interface/msg/detail/turtle_array__type_support.cpp.o] Error 1
[4.235s] gmake[1]: *** [CMakeFiles/Makefile2:369: CMakeFiles/my_robot_interface__rosidl_typesupport_introspection_cpp.dir/all] Error 2
[4.235s] gmake: *** [Makefile:146: all] Error 2
[4.243s] Invoked command in '/home/saeesh/ros2_ws/build/my_robot_interface' returned '2': CMAKE_PREFIX_PATH=${CMAKE_PREFIX_PATH}:/home/saeesh/ros2_ws/install/turtlsim_catch_them_all:/home/saeesh/ros2_ws/install/turtlesim_catch_them_all:/home/saeesh/ros2_ws/install/my_py_pkg:/opt/ros/humble /usr/bin/cmake --build /home/saeesh/ros2_ws/build/my_robot_interface -- -j4 -l4
