[0.162s] Invoking command in '/home/saeesh/ros2_ws/build/my_robot_interface': CMAKE_PREFIX_PATH=${CMAKE_PREFIX_PATH}:/home/saeesh/ros2_ws/install/turtlsim_catch_them_all:/home/saeesh/ros2_ws/install/turtlesim_catch_them_all:/home/saeesh/ros2_ws/install/my_py_pkg:/home/saeesh/ROS2swarm/install/ros2swarm:/home/saeesh/ROS2swarm/install/launch_gazebo:/home/saeesh/turtlebot3_ws/install/turtlebot3_teleop:/home/saeesh/turtlebot3_ws/install/turtlebot3_example:/opt/ros/humble /usr/bin/cmake --build /home/saeesh/ros2_ws/build/my_robot_interface -- -j4 -l4
[0.249s] failed to create symbolic link '/home/saeesh/ros2_ws/build/my_robot_interface/ament_cmake_python/my_robot_interface/my_robot_interface' because existing path cannot be removed: Is a directory
[0.249s] [  2%] Built target my_robot_interface__cpp
[0.251s] gmake[2]: *** [CMakeFiles/ament_cmake_python_symlink_my_robot_interface.dir/build.make:70: CMakeFiles/ament_cmake_python_symlink_my_robot_interface] Error 1
[0.252s] gmake[1]: *** [CMakeFiles/Makefile2:421: CMakeFiles/ament_cmake_python_symlink_my_robot_interface.dir/all] Error 2
[0.252s] gmake[1]: *** Waiting for unfinished jobs....
[0.253s] [ 12%] Built target my_robot_interface__rosidl_generator_c
[0.293s] [ 15%] [34m[1mGenerating C++ type support for eProsima Fast-RTPS[0m
[0.827s] [35m[1mConsolidate compiler generated dependencies of target my_robot_interface__rosidl_typesupport_fastrtps_cpp[0m
[0.950s] [ 17%] [32mBuilding CXX object CMakeFiles/my_robot_interface__rosidl_typesupport_fastrtps_cpp.dir/rosidl_typesupport_fastrtps_cpp/my_robot_interface/msg/detail/dds_fastrtps/turtle__type_support.cpp.o[0m
[0.965s] [ 20%] [32mBuilding CXX object CMakeFiles/my_robot_interface__rosidl_typesupport_fastrtps_cpp.dir/rosidl_typesupport_fastrtps_cpp/my_robot_interface/msg/detail/dds_fastrtps/turtle_array__type_support.cpp.o[0m
[3.360s] [ 23%] [32m[1mLinking CXX shared library libmy_robot_interface__rosidl_typesupport_fastrtps_cpp.so[0m
[3.601s] [ 23%] Built target my_robot_interface__rosidl_typesupport_fastrtps_cpp
[3.605s] gmake: *** [Makefile:146: all] Error 2
[3.609s] Invoked command in '/home/saeesh/ros2_ws/build/my_robot_interface' returned '2': CMAKE_PREFIX_PATH=${CMAKE_PREFIX_PATH}:/home/saeesh/ros2_ws/install/turtlsim_catch_them_all:/home/saeesh/ros2_ws/install/turtlesim_catch_them_all:/home/saeesh/ros2_ws/install/my_py_pkg:/home/saeesh/ROS2swarm/install/ros2swarm:/home/saeesh/ROS2swarm/install/launch_gazebo:/home/saeesh/turtlebot3_ws/install/turtlebot3_teleop:/home/saeesh/turtlebot3_ws/install/turtlebot3_example:/opt/ros/humble /usr/bin/cmake --build /home/saeesh/ros2_ws/build/my_robot_interface -- -j4 -l4
